15-Jul-2024 20:18:30.625 INFO [main] org.apache.catalina.startup.VersionLoggerListener.log 서버 버전 이름:    Apache Tomcat/9.0.91
15-Jul-2024 20:18:30.631 INFO [main] org.apache.catalina.startup.VersionLoggerListener.log Server 빌드 시각:  Jul 2 2024 12:35:51 UTC
15-Jul-2024 20:18:30.631 INFO [main] org.apache.catalina.startup.VersionLoggerListener.log Server 버전 번호:  9.0.91.0
15-Jul-2024 20:18:30.631 INFO [main] org.apache.catalina.startup.VersionLoggerListener.log 운영체제 이름:     Windows 10
15-Jul-2024 20:18:30.632 INFO [main] org.apache.catalina.startup.VersionLoggerListener.log 운영체제 버전:     10.0
15-Jul-2024 20:18:30.632 INFO [main] org.apache.catalina.startup.VersionLoggerListener.log 아키텍처:          amd64
15-Jul-2024 20:18:30.632 INFO [main] org.apache.catalina.startup.VersionLoggerListener.log 자바 홈:           C:\Program Files\Java\jdk-20
15-Jul-2024 20:18:30.633 INFO [main] org.apache.catalina.startup.VersionLoggerListener.log JVM 버전:          20+36-2344
15-Jul-2024 20:18:30.633 INFO [main] org.apache.catalina.startup.VersionLoggerListener.log JVM 벤더:          Oracle Corporation
15-Jul-2024 20:18:30.633 INFO [main] org.apache.catalina.startup.VersionLoggerListener.log CATALINA_BASE:     C:\JSP\apache-tomcat-9.0.91
15-Jul-2024 20:18:30.633 INFO [main] org.apache.catalina.startup.VersionLoggerListener.log CATALINA_HOME:     C:\JSP\apache-tomcat-9.0.91
15-Jul-2024 20:18:30.722 INFO [main] org.apache.catalina.startup.VersionLoggerListener.log 명령 행 아규먼트:  --add-opens=java.base/java.lang=ALL-UNNAMED
15-Jul-2024 20:18:30.725 INFO [main] org.apache.catalina.startup.VersionLoggerListener.log 명령 행 아규먼트:  --add-opens=java.base/java.io=ALL-UNNAMED
15-Jul-2024 20:18:30.729 INFO [main] org.apache.catalina.startup.VersionLoggerListener.log 명령 행 아규먼트:  --add-opens=java.base/java.util=ALL-UNNAMED
15-Jul-2024 20:18:30.730 INFO [main] org.apache.catalina.startup.VersionLoggerListener.log 명령 행 아규먼트:  --add-opens=java.base/java.util.concurrent=ALL-UNNAMED
15-Jul-2024 20:18:30.731 INFO [main] org.apache.catalina.startup.VersionLoggerListener.log 명령 행 아규먼트:  --add-opens=java.rmi/sun.rmi.transport=ALL-UNNAMED
15-Jul-2024 20:18:30.732 INFO [main] org.apache.catalina.startup.VersionLoggerListener.log 명령 행 아규먼트:  -Djava.util.logging.config.file=C:\JSP\apache-tomcat-9.0.91\conf\logging.properties
15-Jul-2024 20:18:30.733 INFO [main] org.apache.catalina.startup.VersionLoggerListener.log 명령 행 아규먼트:  -Djava.util.logging.manager=org.apache.juli.ClassLoaderLogManager
15-Jul-2024 20:18:30.734 INFO [main] org.apache.catalina.startup.VersionLoggerListener.log 명령 행 아규먼트:  -Djdk.tls.ephemeralDHKeySize=2048
15-Jul-2024 20:18:30.735 INFO [main] org.apache.catalina.startup.VersionLoggerListener.log 명령 행 아규먼트:  -Djava.protocol.handler.pkgs=org.apache.catalina.webresources
15-Jul-2024 20:18:30.737 INFO [main] org.apache.catalina.startup.VersionLoggerListener.log 명령 행 아규먼트:  -Dignore.endorsed.dirs=
15-Jul-2024 20:18:30.738 INFO [main] org.apache.catalina.startup.VersionLoggerListener.log 명령 행 아규먼트:  -Dcatalina.base=C:\JSP\apache-tomcat-9.0.91
15-Jul-2024 20:18:30.739 INFO [main] org.apache.catalina.startup.VersionLoggerListener.log 명령 행 아규먼트:  -Dcatalina.home=C:\JSP\apache-tomcat-9.0.91
15-Jul-2024 20:18:30.740 INFO [main] org.apache.catalina.startup.VersionLoggerListener.log 명령 행 아규먼트:  -Djava.io.tmpdir=C:\JSP\apache-tomcat-9.0.91\temp
15-Jul-2024 20:18:30.745 INFO [main] org.apache.catalina.core.AprLifecycleListener.lifecycleEvent APR 버전 [1.7.4]을(를) 사용한, APR 기반 Apache Tomcat Native 라이브러리 [1.3.0]을(를) 로드했습니다.
15-Jul-2024 20:18:30.746 INFO [main] org.apache.catalina.core.AprLifecycleListener.lifecycleEvent APR 용량정보들: IPv6 [true], sendfile [true], accept filters [false], random [true], UDS [true].
15-Jul-2024 20:18:30.747 INFO [main] org.apache.catalina.core.AprLifecycleListener.lifecycleEvent APR/OpenSSL 설정: useAprConnector [false], useOpenSSL [true]
15-Jul-2024 20:18:30.754 INFO [main] org.apache.catalina.core.AprLifecycleListener.initializeSSL OpenSSL이 성공적으로 초기화되었습니다: [OpenSSL 3.0.13 30 Jan 2024]
15-Jul-2024 20:18:30.978 INFO [main] org.apache.coyote.AbstractProtocol.init 프로토콜 핸들러 ["http-nio-8080"]을(를) 초기화합니다.
15-Jul-2024 20:18:31.052 INFO [main] org.apache.catalina.startup.Catalina.load [594] 밀리초 내에 서버가 초기화되었습니다.
15-Jul-2024 20:18:31.090 INFO [main] org.apache.catalina.core.StandardService.startInternal 서비스 [Catalina]을(를) 시작합니다.
15-Jul-2024 20:18:31.092 INFO [main] org.apache.catalina.core.StandardEngine.startInternal 서버 엔진을 시작합니다: [Apache Tomcat/9.0.91]
15-Jul-2024 20:18:31.100 INFO [main] org.apache.catalina.startup.HostConfig.deployDirectory 웹 애플리케이션 디렉토리 [C:\JSP\apache-tomcat-9.0.91\webapps\docs]을(를) 배치합니다.
15-Jul-2024 20:18:31.435 INFO [main] org.apache.catalina.startup.HostConfig.deployDirectory 웹 애플리케이션 디렉토리 [C:\JSP\apache-tomcat-9.0.91\webapps\docs]에 대한 배치가 [331] 밀리초에 완료되었습니다.
15-Jul-2024 20:18:31.436 INFO [main] org.apache.catalina.startup.HostConfig.deployDirectory 웹 애플리케이션 디렉토리 [C:\JSP\apache-tomcat-9.0.91\webapps\examples]을(를) 배치합니다.
15-Jul-2024 20:18:31.831 INFO [main] org.apache.catalina.startup.HostConfig.deployDirectory 웹 애플리케이션 디렉토리 [C:\JSP\apache-tomcat-9.0.91\webapps\examples]에 대한 배치가 [395] 밀리초에 완료되었습니다.
15-Jul-2024 20:18:31.832 INFO [main] org.apache.catalina.startup.HostConfig.deployDirectory 웹 애플리케이션 디렉토리 [C:\JSP\apache-tomcat-9.0.91\webapps\host-manager]을(를) 배치합니다.
15-Jul-2024 20:18:31.868 INFO [main] org.apache.catalina.startup.HostConfig.deployDirectory 웹 애플리케이션 디렉토리 [C:\JSP\apache-tomcat-9.0.91\webapps\host-manager]에 대한 배치가 [35] 밀리초에 완료되었습니다.
15-Jul-2024 20:18:31.871 INFO [main] org.apache.catalina.startup.HostConfig.deployDirectory 웹 애플리케이션 디렉토리 [C:\JSP\apache-tomcat-9.0.91\webapps\manager]을(를) 배치합니다.
15-Jul-2024 20:18:31.905 INFO [main] org.apache.catalina.startup.HostConfig.deployDirectory 웹 애플리케이션 디렉토리 [C:\JSP\apache-tomcat-9.0.91\webapps\manager]에 대한 배치가 [34] 밀리초에 완료되었습니다.
15-Jul-2024 20:18:31.906 INFO [main] org.apache.catalina.startup.HostConfig.deployDirectory 웹 애플리케이션 디렉토리 [C:\JSP\apache-tomcat-9.0.91\webapps\ROOT]을(를) 배치합니다.
15-Jul-2024 20:18:31.932 INFO [main] org.apache.catalina.startup.HostConfig.deployDirectory 웹 애플리케이션 디렉토리 [C:\JSP\apache-tomcat-9.0.91\webapps\ROOT]에 대한 배치가 [26] 밀리초에 완료되었습니다.
15-Jul-2024 20:18:31.936 INFO [main] org.apache.coyote.AbstractProtocol.start 프로토콜 핸들러 ["http-nio-8080"]을(를) 시작합니다.
15-Jul-2024 20:18:32.002 INFO [main] org.apache.catalina.startup.Catalina.start 서버가 [945] 밀리초 내에 시작되었습니다.
